2024.07.07 12:04:44 INFO  Started: Metals version 1.3.2 in folders 'C:\Users\HP\OneDrive\Documents\Scala_Project_04\Scala_Practical04' for client Visual Studio Code 1.90.2.
SLF4J(W): Class path contains multiple SLF4J providers.
SLF4J(W): Found provider [scribe.slf4j.ScribeServiceProvider@9114fab]
SLF4J(W): Found provider [ch.qos.logback.classic.spi.LogbackServiceProvider@2736a026]
SLF4J(W): See https://www.slf4j.org/codes.html#multiple_bindings for an explanation.
SLF4J(I): Actual provider is of type [scribe.slf4j.ScribeServiceProvider@9114fab]
2024.07.07 12:04:44 WARN  Flyway upgrade recommended: H2 2.2.224 is newer than this version of Flyway and support has not been tested. The latest supported version of H2 is 2.2.220.
2024.07.07 12:04:45 INFO  no build target found for C:\Users\HP\OneDrive\Documents\Scala_Project_04\Scala_Practical04\q1.scala. Using presentation compiler with project's scala-library version: 3.3.3
2024.07.07 12:04:50 WARN  Could not find semantic tokens for: file:///C:/Users/HP/OneDrive/Documents/Scala_Project_04/Scala_Practical04/q1.scala
2024.07.07 12:04:51 INFO  Running List(C:\Users\HP\AppData\Local\Coursier\data\bin\scala-cli.BAT, setup-ide, C:\Users\HP\OneDrive\Documents\Scala_Project_04\Scala_Practical04)
2024.07.07 12:04:51 INFO  Attempting to connect to the build server...
2024.07.07 12:04:51 INFO  Running BSP server List(C:\Users\HP\AppData\Local\Coursier\data\bin\.scala-cli.aux.exe, bsp, --json-options, C:\Users\HP\OneDrive\Documents\Scala_Project_04\Scala_Practical04\.scala-build\ide-options-v2.json, --json-launcher-options, C:\Users\HP\OneDrive\Documents\Scala_Project_04\Scala_Practical04\.scala-build\ide-launcher-options.json, --envs-file, C:\Users\HP\OneDrive\Documents\Scala_Project_04\Scala_Practical04\.scala-build\ide-envs.json, C:\Users\HP\OneDrive\Documents\Scala_Project_04\Scala_Practical04)
2024.07.07 12:04:51 INFO  tracing is disabled for protocol BSP, to enable tracing of incoming and outgoing JSON messages create an empty file at C:\Users\HP\OneDrive\Documents\Scala_Project_04\Scala_Practical04\.metals\bsp.trace.json or C:\Users\HP\AppData\Local\scalameta\metals\cache\bsp.trace.json
2024.07.07 12:04:54 INFO  BSP server: Starting compilation server
2024.07.07 12:05:04 INFO  time: Connected to build server in 13s
2024.07.07 12:05:04 INFO  Connected to Build server: scala-cli v1.3.2
2024.07.07 12:05:06 INFO  compiling scala_practical04_f4dd477a3a (1 scala source)
2024.07.07 12:05:07 INFO  time: Imported build in 3.08s
2024.07.07 12:05:12 INFO  time: indexed workspace in 4.34s
2024.07.07 12:05:14 WARN  Could not find semantic tokens for: file:///C:/Users/HP/OneDrive/Documents/Scala_Project_04/Scala_Practical04/q1.scala
2024.07.07 12:05:16 WARN  Could not find semantic tokens for: file:///C:/Users/HP/OneDrive/Documents/Scala_Project_04/Scala_Practical04/q1.scala
2024.07.07 16:35:45 INFO  Started: Metals version 1.3.2 in folders 'C:\Users\HP\OneDrive\Documents\Scala_Project_04\Scala_Practical04' for client Visual Studio Code 1.90.2.
SLF4J(W): Class path contains multiple SLF4J providers.
SLF4J(W): Found provider [scribe.slf4j.ScribeServiceProvider@2add9543]
SLF4J(W): Found provider [ch.qos.logback.classic.spi.LogbackServiceProvider@fa65b01]
SLF4J(W): See https://www.slf4j.org/codes.html#multiple_bindings for an explanation.
SLF4J(I): Actual provider is of type [scribe.slf4j.ScribeServiceProvider@2add9543]
2024.07.07 16:35:49 WARN  Flyway upgrade recommended: H2 2.2.224 is newer than this version of Flyway and support has not been tested. The latest supported version of H2 is 2.2.220.
2024.07.07 16:35:51 INFO  no build target found for C:\Users\HP\OneDrive\Documents\Scala_Project_04\Scala_Practical04\q1.scala. Using presentation compiler with project's scala-library version: 3.3.3
2024.07.07 16:35:51 INFO  Attempting to connect to the build server...
2024.07.07 16:35:51 INFO  Running BSP server List(C:\Users\HP\AppData\Local\Coursier\data\bin\.scala-cli.aux.exe, bsp, --json-options, C:\Users\HP\OneDrive\Documents\Scala_Project_04\Scala_Practical04\.scala-build\ide-options-v2.json, --json-launcher-options, C:\Users\HP\OneDrive\Documents\Scala_Project_04\Scala_Practical04\.scala-build\ide-launcher-options.json, --envs-file, C:\Users\HP\OneDrive\Documents\Scala_Project_04\Scala_Practical04\.scala-build\ide-envs.json, C:\Users\HP\OneDrive\Documents\Scala_Project_04\Scala_Practical04)
2024.07.07 16:35:51 INFO  tracing is disabled for protocol BSP, to enable tracing of incoming and outgoing JSON messages create an empty file at C:\Users\HP\OneDrive\Documents\Scala_Project_04\Scala_Practical04\.metals\bsp.trace.json or C:\Users\HP\AppData\Local\scalameta\metals\cache\bsp.trace.json
2024.07.07 16:35:53 INFO  BSP server: Starting compilation server
2024.07.07 16:35:58 INFO  time: Connected to build server in 7.5s
2024.07.07 16:35:58 INFO  Connected to Build server: scala-cli v1.3.2
2024.07.07 16:35:58 INFO  time: Imported build in 0.19s
2024.07.07 16:36:00 INFO  compiling scala_practical04_f4dd477a3a (1 scala source)
2024.07.07 16:36:03 INFO  time: indexed workspace in 4.31s
2024.07.07 16:36:08 INFO  time: compiled Scala_Practical04_f4dd477a3a in 8.35s
Jul 07, 2024 4:37:22 PM org.eclipse.lsp4j.jsonrpc.services.GenericEndpoint notify
INFO: Unsupported notification method: $/setTrace
2024.07.07 16:40:07 INFO  no build target found for C:\Users\HP\OneDrive\Documents\Scala_Project_04\Scala_Practical04\q2.scala. Using presentation compiler with project's scala-library version: 3.3.3
2024.07.07 16:40:07 INFO  no build target found for C:\Users\HP\OneDrive\Documents\Scala_Project_04\Scala_Practical04\q2.scala. Using presentation compiler with project's scala-library version: 3.3.3
2024.07.07 16:40:07 WARN  Could not find semantic tokens for: file:///C:/Users/HP/OneDrive/Documents/Scala_Project_04/Scala_Practical04/q2.scala
2024.07.07 16:40:08 INFO  compiling scala_practical04_f4dd477a3a (1 scala source)
2024.07.07 16:40:08 INFO  time: compiled Scala_Practical04_f4dd477a3a in 0.2s
2024.07.07 16:40:09 INFO  time: indexed workspace in 1.2s
2024.07.07 16:40:09 WARN  Could not find semantic tokens for: file:///C:/Users/HP/OneDrive/Documents/Scala_Project_04/Scala_Practical04/q2.scala
2024.07.07 16:40:14 INFO  compiling scala_practical04_f4dd477a3a (1 scala source)
2024.07.07 16:40:14 INFO  time: compiled Scala_Practical04_f4dd477a3a in 0.51s
2024.07.08 07:18:28 INFO  Started: Metals version 1.3.2 in folders 'C:\Users\HP\OneDrive\Documents\Scala_Project_04\Scala_Practical04' for client Visual Studio Code 1.90.2.
SLF4J(W): Class path contains multiple SLF4J providers.
SLF4J(W): Found provider [scribe.slf4j.ScribeServiceProvider@5d9394d3]
SLF4J(W): Found provider [ch.qos.logback.classic.spi.LogbackServiceProvider@7c7254c8]
SLF4J(W): See https://www.slf4j.org/codes.html#multiple_bindings for an explanation.
SLF4J(I): Actual provider is of type [scribe.slf4j.ScribeServiceProvider@5d9394d3]
2024.07.08 07:18:32 WARN  Flyway upgrade recommended: H2 2.2.224 is newer than this version of Flyway and support has not been tested. The latest supported version of H2 is 2.2.220.
Jul 08, 2024 7:18:33 AM org.eclipse.lsp4j.jsonrpc.RemoteEndpoint handleCancellation
WARNING: Unmatched cancel notification for request id 2
2024.07.08 07:18:33 INFO  no build target found for C:\Users\HP\OneDrive\Documents\Scala_Project_04\Scala_Practical04\q1.scala. Using presentation compiler with project's scala-library version: 3.3.3
2024.07.08 07:18:33 INFO  Attempting to connect to the build server...
2024.07.08 07:18:33 INFO  Running BSP server List(C:\Users\HP\AppData\Local\Coursier\data\bin\.scala-cli.aux.exe, bsp, --json-options, C:\Users\HP\OneDrive\Documents\Scala_Project_04\Scala_Practical04\.scala-build\ide-options-v2.json, --json-launcher-options, C:\Users\HP\OneDrive\Documents\Scala_Project_04\Scala_Practical04\.scala-build\ide-launcher-options.json, --envs-file, C:\Users\HP\OneDrive\Documents\Scala_Project_04\Scala_Practical04\.scala-build\ide-envs.json, C:\Users\HP\OneDrive\Documents\Scala_Project_04\Scala_Practical04)
2024.07.08 07:18:33 INFO  tracing is disabled for protocol BSP, to enable tracing of incoming and outgoing JSON messages create an empty file at C:\Users\HP\OneDrive\Documents\Scala_Project_04\Scala_Practical04\.metals\bsp.trace.json or C:\Users\HP\AppData\Local\scalameta\metals\cache\bsp.trace.json
2024.07.08 07:18:35 WARN  Could not find semantic tokens for: file:///C:/Users/HP/OneDrive/Documents/Scala_Project_04/Scala_Practical04/q1.scala
2024.07.08 07:18:36 INFO  time: Connected to build server in 3.45s
2024.07.08 07:18:36 INFO  Connected to Build server: scala-cli v1.3.2
2024.07.08 07:18:37 INFO  compiling scala_practical04_f4dd477a3a (1 scala source)
2024.07.08 07:18:37 INFO  time: compiled Scala_Practical04_f4dd477a3a in 0.2s
2024.07.08 07:18:38 INFO  time: indexed workspace in 1.89s
2024.07.08 07:18:41 WARN  Could not find semantic tokens for: file:///C:/Users/HP/OneDrive/Documents/Scala_Project_04/Scala_Practical04/q1.scala
2024.07.08 07:18:41 WARN  Could not find semantic tokens for: file:///C:/Users/HP/OneDrive/Documents/Scala_Project_04/Scala_Practical04/q1.scala
2024.07.08 07:18:41 WARN  Could not find semantic tokens for: file:///C:/Users/HP/OneDrive/Documents/Scala_Project_04/Scala_Practical04/q1.scala
2024.07.08 07:18:44 INFO  compiling scala_practical04_f4dd477a3a (1 scala source)
2024.07.08 07:18:44 INFO  time: compiled Scala_Practical04_f4dd477a3a in 0.65s
Jul 08, 2024 7:19:07 AM org.eclipse.lsp4j.jsonrpc.services.GenericEndpoint notify
INFO: Unsupported notification method: $/setTrace
2024.07.08 07:19:22 WARN  Could not find semantic tokens for: file:///C:/Users/HP/OneDrive/Documents/Scala_Project_04/Scala_Practical04/q2.scala
2024.07.08 07:19:23 INFO  compiling scala_practical04_f4dd477a3a (1 scala source)
2024.07.08 07:19:23 INFO  time: compiled Scala_Practical04_f4dd477a3a in 63ms
2024.07.08 07:19:23 WARN  Could not find semantic tokens for: file:///C:/Users/HP/OneDrive/Documents/Scala_Project_04/Scala_Practical04/q2.scala
2024.07.08 07:19:44 INFO  compiling scala_practical04_f4dd477a3a (1 scala source)
2024.07.08 07:19:44 INFO  time: compiled Scala_Practical04_f4dd477a3a in 0.25s
2024.07.08 07:20:01 INFO  no build target found for C:\Users\HP\OneDrive\Documents\Scala_Project_04\Scala_Practical04\q3.scala. Using presentation compiler with project's scala-library version: 3.3.3
2024.07.08 07:20:01 INFO  no build target found for C:\Users\HP\OneDrive\Documents\Scala_Project_04\Scala_Practical04\q3.scala. Using presentation compiler with project's scala-library version: 3.3.3
2024.07.08 07:20:01 WARN  Could not find semantic tokens for: file:///C:/Users/HP/OneDrive/Documents/Scala_Project_04/Scala_Practical04/q3.scala
2024.07.08 07:20:01 INFO  compiling scala_practical04_f4dd477a3a (1 scala source)
2024.07.08 07:20:01 INFO  time: compiled Scala_Practical04_f4dd477a3a in 71ms
2024.07.08 07:20:02 INFO  time: indexed workspace in 1.05s
2024.07.08 07:20:03 WARN  Could not find semantic tokens for: file:///C:/Users/HP/OneDrive/Documents/Scala_Project_04/Scala_Practical04/q3.scala
2024.07.08 07:20:19 INFO  compiling scala_practical04_f4dd477a3a (1 scala source)
2024.07.08 07:20:19 INFO  time: compiled Scala_Practical04_f4dd477a3a in 0.3s
2024.07.08 07:21:08 INFO  Shutting down server
2024.07.08 07:21:08 INFO  shutting down Metals
2024.07.08 07:21:08 INFO  Shut down connection with build server.
2024.07.08 07:21:08 INFO  Exiting server
2024.07.08 18:58:17 INFO  Started: Metals version 1.3.2 in folders 'C:\Users\HP\OneDrive\Documents\Scala_Project_04\Scala_Practical04' for client Visual Studio Code 1.91.0.
SLF4J(W): Class path contains multiple SLF4J providers.
SLF4J(W): Found provider [scribe.slf4j.ScribeServiceProvider@2c429c5e]
SLF4J(W): Found provider [ch.qos.logback.classic.spi.LogbackServiceProvider@9556cbb]
SLF4J(W): See https://www.slf4j.org/codes.html#multiple_bindings for an explanation.
SLF4J(I): Actual provider is of type [scribe.slf4j.ScribeServiceProvider@2c429c5e]
2024.07.08 18:58:17 WARN  Flyway upgrade recommended: H2 2.2.224 is newer than this version of Flyway and support has not been tested. The latest supported version of H2 is 2.2.220.
2024.07.08 18:58:18 INFO  no build target found for C:\Users\HP\OneDrive\Documents\Scala_Project_04\Scala_Practical04\q2.scala. Using presentation compiler with project's scala-library version: 3.3.3
2024.07.08 18:58:18 INFO  Attempting to connect to the build server...
2024.07.08 18:58:18 INFO  Running BSP server List(C:\Users\HP\AppData\Local\Coursier\data\bin\.scala-cli.aux.exe, bsp, --json-options, C:\Users\HP\OneDrive\Documents\Scala_Project_04\Scala_Practical04\.scala-build\ide-options-v2.json, --json-launcher-options, C:\Users\HP\OneDrive\Documents\Scala_Project_04\Scala_Practical04\.scala-build\ide-launcher-options.json, --envs-file, C:\Users\HP\OneDrive\Documents\Scala_Project_04\Scala_Practical04\.scala-build\ide-envs.json, C:\Users\HP\OneDrive\Documents\Scala_Project_04\Scala_Practical04)
2024.07.08 18:58:21 INFO  tracing is disabled for protocol BSP, to enable tracing of incoming and outgoing JSON messages create an empty file at C:\Users\HP\OneDrive\Documents\Scala_Project_04\Scala_Practical04\.metals\bsp.trace.json or C:\Users\HP\AppData\Local\scalameta\metals\cache\bsp.trace.json
2024.07.08 18:58:23 INFO  BSP server: Starting compilation server
2024.07.08 18:58:23 INFO  no build target found for C:\Users\HP\OneDrive\Documents\Scala_Project_04\Scala_Practical04\q3.scala. Using presentation compiler with project's scala-library version: 3.3.3
Jul 08, 2024 6:58:27 PM org.eclipse.lsp4j.jsonrpc.services.GenericEndpoint notify
INFO: Unsupported notification method: $/setTrace
2024.07.08 18:58:33 INFO  time: Connected to build server in 14s
2024.07.08 18:58:33 INFO  Connected to Build server: scala-cli v1.3.2
2024.07.08 18:58:33 INFO  time: Imported build in 0.11s
2024.07.08 18:58:37 INFO  time: indexed workspace in 4.3s
2024.07.22 18:33:52 INFO  Started: Metals version 1.3.3 in folders 'C:\Users\HP\OneDrive\Documents\Scala_Project_04\Scala_Practical04' for client Visual Studio Code 1.91.1.
SLF4J(W): Class path contains multiple SLF4J providers.
SLF4J(W): Found provider [scribe.slf4j.ScribeServiceProvider@a891ca7]
SLF4J(W): Found provider [ch.qos.logback.classic.spi.LogbackServiceProvider@d566060]
SLF4J(W): See https://www.slf4j.org/codes.html#multiple_bindings for an explanation.
SLF4J(I): Actual provider is of type [scribe.slf4j.ScribeServiceProvider@a891ca7]
2024.07.22 18:33:56 WARN  Flyway upgrade recommended: H2 2.2.224 is newer than this version of Flyway and support has not been tested. The latest supported version of H2 is 2.2.220.
2024.07.22 18:33:57 INFO  no build target found for C:\Users\HP\OneDrive\Documents\Scala_Project_04\Scala_Practical04\q1.scala. Using presentation compiler with project's scala-library version: 3.3.3
2024.07.22 18:33:57 INFO  Attempting to connect to the build server...
2024.07.22 18:33:57 INFO  Running BSP server List(C:\Users\HP\AppData\Local\Coursier\data\bin\.scala-cli.aux.exe, bsp, --json-options, C:\Users\HP\OneDrive\Documents\Scala_Project_04\Scala_Practical04\.scala-build\ide-options-v2.json, --json-launcher-options, C:\Users\HP\OneDrive\Documents\Scala_Project_04\Scala_Practical04\.scala-build\ide-launcher-options.json, --envs-file, C:\Users\HP\OneDrive\Documents\Scala_Project_04\Scala_Practical04\.scala-build\ide-envs.json, C:\Users\HP\OneDrive\Documents\Scala_Project_04\Scala_Practical04)
2024.07.22 18:33:58 INFO  tracing is disabled for protocol BSP, to enable tracing of incoming and outgoing JSON messages create an empty file at C:\Users\HP\OneDrive\Documents\Scala_Project_04\Scala_Practical04\.metals\bsp.trace.json or C:\Users\HP\AppData\Local\scalameta\metals\cache\bsp.trace.json
2024.07.22 18:34:00 INFO  BSP server: Starting compilation server
2024.07.22 18:34:05 INFO  time: Connected to build server in 8.28s
2024.07.22 18:34:05 INFO  Connected to Build server: scala-cli v1.3.2
2024.07.22 18:34:05 INFO  time: Imported build in 0.11s
2024.07.22 18:34:05 INFO  running doctor check
2024.07.22 18:34:05 INFO  java targets: Scala_Practical04_f4dd477a3a-test, Scala_Practical04_f4dd477a3a
2024.07.22 18:34:10 WARN  Flyway upgrade recommended: H2 2.2.224 is newer than this version of Flyway and support has not been tested. The latest supported version of H2 is 2.2.220.
2024.07.22 18:34:10 INFO  time: indexed workspace in 5.56s
Jul 22, 2024 6:36:47 PM org.eclipse.lsp4j.jsonrpc.services.GenericEndpoint notify
INFO: Unsupported notification method: $/setTrace
2024.07.22 18:42:19 INFO  Shutting down server
2024.07.22 18:42:19 INFO  shutting down Metals
2024.07.22 18:42:19 INFO  Shut down connection with build server.
2024.07.22 18:42:19 INFO  Exiting server
2024.07.22 18:42:40 INFO  Started: Metals version 1.3.3 in folders 'C:\Users\HP\OneDrive\Documents\Scala_Project_04\Scala_Practical04' for client Visual Studio Code 1.91.1.
SLF4J(W): Class path contains multiple SLF4J providers.
SLF4J(W): Found provider [scribe.slf4j.ScribeServiceProvider@48617e3]
SLF4J(W): Found provider [ch.qos.logback.classic.spi.LogbackServiceProvider@48d3db9b]
SLF4J(W): See https://www.slf4j.org/codes.html#multiple_bindings for an explanation.
SLF4J(I): Actual provider is of type [scribe.slf4j.ScribeServiceProvider@48617e3]
2024.07.22 18:42:40 WARN  Flyway upgrade recommended: H2 2.2.224 is newer than this version of Flyway and support has not been tested. The latest supported version of H2 is 2.2.220.
2024.07.22 18:42:41 INFO  Attempting to connect to the build server...
2024.07.22 18:42:41 INFO  Running BSP server List(C:\Users\HP\AppData\Local\Coursier\data\bin\.scala-cli.aux.exe, bsp, --json-options, C:\Users\HP\OneDrive\Documents\Scala_Project_04\Scala_Practical04\.scala-build\ide-options-v2.json, --json-launcher-options, C:\Users\HP\OneDrive\Documents\Scala_Project_04\Scala_Practical04\.scala-build\ide-launcher-options.json, --envs-file, C:\Users\HP\OneDrive\Documents\Scala_Project_04\Scala_Practical04\.scala-build\ide-envs.json, C:\Users\HP\OneDrive\Documents\Scala_Project_04\Scala_Practical04)
2024.07.22 18:42:41 INFO  tracing is disabled for protocol BSP, to enable tracing of incoming and outgoing JSON messages create an empty file at C:\Users\HP\OneDrive\Documents\Scala_Project_04\Scala_Practical04\.metals\bsp.trace.json or C:\Users\HP\AppData\Local\scalameta\metals\cache\bsp.trace.json
2024.07.22 18:42:42 INFO  no build target found for C:\Users\HP\OneDrive\Documents\Scala_Project_04\Scala_Practical04\q2.scala. Using presentation compiler with project's scala-library version: 3.3.3
2024.07.22 18:42:45 INFO  time: Connected to build server in 4.45s
2024.07.22 18:42:45 INFO  Connected to Build server: scala-cli v1.3.2
2024.07.22 18:42:45 INFO  running doctor check
2024.07.22 18:42:45 INFO  java targets: Scala_Practical04_f4dd477a3a-test, Scala_Practical04_f4dd477a3a
2024.07.22 18:42:48 WARN  Flyway upgrade recommended: H2 2.2.224 is newer than this version of Flyway and support has not been tested. The latest supported version of H2 is 2.2.220.
2024.07.22 18:42:48 INFO  time: indexed workspace in 2.97s
Jul 22, 2024 6:42:49 PM org.eclipse.lsp4j.jsonrpc.RemoteEndpoint handleCancellation
WARNING: Unmatched cancel notification for request id 7
2024.07.22 18:56:52 WARN  Could not find semantic tokens for: file:///C:/Users/HP/OneDrive/Documents/Scala_Project_04/Scala_Practical04/q3.scala
2024.07.22 18:56:53 INFO  compiling scala_practical04_f4dd477a3a (1 scala source)
2024.07.22 18:56:55 INFO  time: compiled Scala_Practical04_f4dd477a3a in 1.29s
2024.07.22 18:56:55 WARN  Could not find semantic tokens for: file:///C:/Users/HP/OneDrive/Documents/Scala_Project_04/Scala_Practical04/q3.scala
2024.07.22 18:57:03 INFO  compiling scala_practical04_f4dd477a3a (1 scala source)
2024.07.22 18:57:04 INFO  time: compiled Scala_Practical04_f4dd477a3a in 1.54s
2024.07.22 18:57:25 INFO  compiling scala_practical04_f4dd477a3a (1 scala source)
2024.07.22 18:57:25 INFO  time: compiled Scala_Practical04_f4dd477a3a in 0.55s
2024.07.22 18:57:30 INFO  compiling scala_practical04_f4dd477a3a (1 scala source)
2024.07.22 18:57:30 INFO  time: compiled Scala_Practical04_f4dd477a3a in 0.65s
2024.07.22 18:57:37 INFO  compiling scala_practical04_f4dd477a3a (1 scala source)
2024.07.22 18:57:37 INFO  time: compiled Scala_Practical04_f4dd477a3a in 0.39s
2024.07.22 18:57:51 INFO  compiling scala_practical04_f4dd477a3a (1 scala source)
2024.07.22 18:57:51 INFO  time: compiled Scala_Practical04_f4dd477a3a in 0.42s
2024.07.22 18:57:54 INFO  compiling scala_practical04_f4dd477a3a (1 scala source)
2024.07.22 18:57:54 INFO  time: compiled Scala_Practical04_f4dd477a3a in 0.35s
2024.07.22 18:58:00 INFO  compiling scala_practical04_f4dd477a3a (1 scala source)
2024.07.22 18:58:00 INFO  time: compiled Scala_Practical04_f4dd477a3a in 0.75s
2024.07.22 18:58:10 INFO  compiling scala_practical04_f4dd477a3a (1 scala source)
2024.07.22 18:58:10 INFO  time: compiled Scala_Practical04_f4dd477a3a in 0.34s
2024.07.22 18:58:16 INFO  compiling scala_practical04_f4dd477a3a (1 scala source)
2024.07.22 18:58:16 INFO  time: compiled Scala_Practical04_f4dd477a3a in 0.29s
2024.07.22 18:58:19 INFO  compiling scala_practical04_f4dd477a3a (1 scala source)
2024.07.22 18:58:19 INFO  time: compiled Scala_Practical04_f4dd477a3a in 0.28s
Jul 22, 2024 6:58:30 PM org.eclipse.lsp4j.jsonrpc.services.GenericEndpoint notify
INFO: Unsupported notification method: $/setTrace
